--------------------
./configure --prefix=/home/tony/Pratice/Python/Pytorch/深度学习/64619代码（0924）/CODE/Chapter-04 深度神经网络：误差倒查分解/MNIST/zlib-1.3.1/../lib
2025年 03月 04日 星期二 19:52:47 CST
unknown option: 深度神经网络：误差倒查分解/MNIST/zlib-1.3.1/../lib
./configure --help for help
** ./configure aborting.
--------------------


--------------------
./configure --prefix=/home/tony/Pratice/Python/Pytorch/深度学习/64619代码（0924）/CODE/Chapter-04 深度神经网络：误差倒查分解/MNIST/zlib-1.3.1/../lib
2025年 03月 04日 星期二 19:53:13 CST
unknown option: 深度神经网络：误差倒查分解/MNIST/zlib-1.3.1/../lib
./configure --help for help
** ./configure aborting.
--------------------


--------------------
./configure --prefix=/home/tony/Pratice/Python/Pytorch/MNIST/zlib-1.3.1/../lib
2025年 03月 04日 星期二 19:54:05 CST
=== ztest54510.c ===
extern int getchar();
int hello() {return getchar();}
===
/home/tony/.application/Miniconda/envs/mypytorch/bin/x86_64-conda-linux-gnu-cc -c ztest54510.c
... using gcc

Checking for obsessive-compulsive compiler options...
=== ztest54510.c ===
int foo() { return 0; }
===
/home/tony/.application/Miniconda/envs/mypytorch/bin/x86_64-conda-linux-gnu-cc -c -march ztest54510.c
x86_64-conda-linux-gnu-cc: error: unrecognized command-line option '-march'
(exit code 1)
Compiler error reporting is too harsh for ./configure (perhaps remove -Werror).
** ./configure aborting.
--------------------


--------------------
./configure
2025年 03月 04日 星期二 19:54:13 CST
=== ztest54602.c ===
extern int getchar();
int hello() {return getchar();}
===
/home/tony/.application/Miniconda/envs/mypytorch/bin/x86_64-conda-linux-gnu-cc -c ztest54602.c
... using gcc

Checking for obsessive-compulsive compiler options...
=== ztest54602.c ===
int foo() { return 0; }
===
/home/tony/.application/Miniconda/envs/mypytorch/bin/x86_64-conda-linux-gnu-cc -c -march ztest54602.c
x86_64-conda-linux-gnu-cc: error: unrecognized command-line option '-march'
(exit code 1)
Compiler error reporting is too harsh for ./configure (perhaps remove -Werror).
** ./configure aborting.
--------------------


--------------------
./configure
2025年 03月 04日 星期二 19:54:20 CST
=== ztest54667.c ===
extern int getchar();
int hello() {return getchar();}
===
/home/tony/.application/Miniconda/envs/mypytorch/bin/x86_64-conda-linux-gnu-cc -c ztest54667.c
... using gcc

Checking for obsessive-compulsive compiler options...
=== ztest54667.c ===
int foo() { return 0; }
===
/home/tony/.application/Miniconda/envs/mypytorch/bin/x86_64-conda-linux-gnu-cc -c -march ztest54667.c
x86_64-conda-linux-gnu-cc: error: unrecognized command-line option '-march'
(exit code 1)
Compiler error reporting is too harsh for ./configure (perhaps remove -Werror).
** ./configure aborting.
--------------------


--------------------
./configure
2025年 03月 04日 星期二 19:59:41 CST
=== ztest55782.c ===
extern int getchar();
int hello() {return getchar();}
===
/home/tony/.application/Miniconda/envs/mypytorch/bin/x86_64-conda-linux-gnu-cc -c ztest55782.c
... using gcc

Checking for obsessive-compulsive compiler options...
=== ztest55782.c ===
int foo() { return 0; }
===
/home/tony/.application/Miniconda/envs/mypytorch/bin/x86_64-conda-linux-gnu-cc -c -march ztest55782.c
x86_64-conda-linux-gnu-cc: error: unrecognized command-line option '-march'
(exit code 1)
Compiler error reporting is too harsh for ./configure (perhaps remove -Werror).
** ./configure aborting.
--------------------


--------------------
./configure --prefix=/home/tony/Pratice/Python/Pytorch/MNIST/zlib-1.3.1/../lib
2025年 03月 04日 星期二 19:59:49 CST
=== ztest55874.c ===
extern int getchar();
int hello() {return getchar();}
===
/home/tony/.application/Miniconda/envs/mypytorch/bin/x86_64-conda-linux-gnu-cc -c ztest55874.c
... using gcc

Checking for obsessive-compulsive compiler options...
=== ztest55874.c ===
int foo() { return 0; }
===
/home/tony/.application/Miniconda/envs/mypytorch/bin/x86_64-conda-linux-gnu-cc -c -march ztest55874.c
x86_64-conda-linux-gnu-cc: error: unrecognized command-line option '-march'
(exit code 1)
Compiler error reporting is too harsh for ./configure (perhaps remove -Werror).
** ./configure aborting.
--------------------


--------------------
./configure --prefix=/home/tony/Pratice/Python/Pytorch/MNIST/zlib-1.3.1/../lib -Werror
2025年 03月 04日 星期二 20:00:03 CST
unknown option: -Werror
./configure --help for help
** ./configure aborting.
--------------------


--------------------
./configure --prefix=/home/tony/Pratice/Python/Pytorch/MNIST/zlib-1.3.1/../lib
2025年 03月 04日 星期二 20:00:10 CST
=== ztest56069.c ===
extern int getchar();
int hello() {return getchar();}
===
/home/tony/.application/Miniconda/envs/mypytorch/bin/x86_64-conda-linux-gnu-cc -c ztest56069.c
... using gcc

Checking for obsessive-compulsive compiler options...
=== ztest56069.c ===
int foo() { return 0; }
===
/home/tony/.application/Miniconda/envs/mypytorch/bin/x86_64-conda-linux-gnu-cc -c -march ztest56069.c
x86_64-conda-linux-gnu-cc: error: unrecognized command-line option '-march'
(exit code 1)
Compiler error reporting is too harsh for ./configure (perhaps remove -Werror).
** ./configure aborting.
--------------------


--------------------
./configure --prefix=/home/tony/Pratice/Python/Pytorch/MNIST/zlib-1.3.1/../lib
2025年 03月 04日 星期二 20:00:16 CST
=== ztest56150.c ===
extern int getchar();
int hello() {return getchar();}
===
/home/tony/.application/Miniconda/envs/mypytorch/bin/x86_64-conda-linux-gnu-cc -c ztest56150.c
... using gcc

Checking for obsessive-compulsive compiler options...
=== ztest56150.c ===
int foo() { return 0; }
===
/home/tony/.application/Miniconda/envs/mypytorch/bin/x86_64-conda-linux-gnu-cc -c -march ztest56150.c
x86_64-conda-linux-gnu-cc: error: unrecognized command-line option '-march'
(exit code 1)
Compiler error reporting is too harsh for ./configure (perhaps remove -Werror).
** ./configure aborting.
--------------------


--------------------
./configure --prefix=/home/tony/Pratice/Python/Pytorch/MNIST/zlib-1.3.1/../lib
2025年 03月 04日 星期二 20:00:58 CST
=== ztest56327.c ===
extern int getchar();
int hello() {return getchar();}
===
/home/tony/.application/Miniconda/envs/mypytorch/bin/x86_64-conda-linux-gnu-cc -c ztest56327.c
... using gcc

Checking for obsessive-compulsive compiler options...
=== ztest56327.c ===
int foo() { return 0; }
===
/home/tony/.application/Miniconda/envs/mypytorch/bin/x86_64-conda-linux-gnu-cc -c -march ztest56327.c
x86_64-conda-linux-gnu-cc: error: unrecognized command-line option '-march'
(exit code 1)
Compiler error reporting is too harsh for ./configure (perhaps remove -Werror).
** ./configure aborting.
--------------------


--------------------
./configure --prefix=/home/tony/Pratice/Python/Pytorch/MNIST/zlib-1.3.1/../lib
2025年 03月 04日 星期二 20:01:22 CST
=== ztest56473.c ===
extern int getchar();
int hello() {return getchar();}
===
/home/tony/.application/Miniconda/envs/mypytorch/bin/x86_64-conda-linux-gnu-cc -c ztest56473.c
... using gcc

Checking for obsessive-compulsive compiler options...
=== ztest56473.c ===
int foo() { return 0; }
===
/home/tony/.application/Miniconda/envs/mypytorch/bin/x86_64-conda-linux-gnu-cc -c -march ztest56473.c
x86_64-conda-linux-gnu-cc: error: unrecognized command-line option '-march'
(exit code 1)
Compiler error reporting is too harsh for ./configure (perhaps remove -Werror).
** ./configure aborting.
--------------------


--------------------
./configure --prefix=/home/tony/Pratice/Python/Pytorch/MNIST/zlib-1.3.1/../lib
2025年 03月 04日 星期二 20:01:29 CST
=== ztest56566.c ===
extern int getchar();
int hello() {return getchar();}
===
/home/tony/.application/Miniconda/envs/mypytorch/bin/x86_64-conda-linux-gnu-cc -c ztest56566.c
... using gcc

Checking for obsessive-compulsive compiler options...
=== ztest56566.c ===
int foo() { return 0; }
===
/home/tony/.application/Miniconda/envs/mypytorch/bin/x86_64-conda-linux-gnu-cc -c -march ztest56566.c
x86_64-conda-linux-gnu-cc: error: unrecognized command-line option '-march'
(exit code 1)
Compiler error reporting is too harsh for ./configure (perhaps remove -Werror).
** ./configure aborting.
--------------------


--------------------
./configure --prefix=/home/tony/Pratice/Python/Pytorch/MNIST/zlib-1.3.1/../lib
2025年 03月 04日 星期二 20:03:42 CST
=== ztest57540.c ===
extern int getchar();
int hello() {return getchar();}
===
/home/tony/.application/Miniconda/envs/mypytorch/bin/x86_64-conda-linux-gnu-cc -c ztest57540.c
... using gcc

Checking for obsessive-compulsive compiler options...
=== ztest57540.c ===
int foo() { return 0; }
===
/home/tony/.application/Miniconda/envs/mypytorch/bin/x86_64-conda-linux-gnu-cc -c -march=nocona -mtune=haswell -ftree-vectorize -fPIC -fstack-protector-strong -fno-plt -O2 -ffunction-sections -pipe -isystem /home/tony/.application/Miniconda/envs/mypytorch/include -march=nocona -mtune=haswell -ftree-vectorize -fPIC -fstack-protector-strong -fno-plt -O2 -ffunction-sections -pipe -isystem /home/tony/.application/Miniconda/envs/mypytorch/include ztest57540.c

Checking for shared library support...
=== ztest57540.c ===
extern int getchar();
int hello() {return getchar();}
===
/home/tony/.application/Miniconda/envs/mypytorch/bin/x86_64-conda-linux-gnu-cc -c -march=nocona -mtune=haswell -ftree-vectorize -fPIC -fstack-protector-strong -fno-plt -O2 -ffunction-sections -pipe -isystem /home/tony/.application/Miniconda/envs/mypytorch/include -march=nocona -mtune=haswell -ftree-vectorize -fPIC -fstack-protector-strong -fno-plt -O2 -ffunction-sections -pipe -isystem /home/tony/.application/Miniconda/envs/mypytorch/include -fPIC ztest57540.c
/home/tony/.application/Miniconda/envs/mypytorch/bin/x86_64-conda-linux-gnu-cc -shared -Wl,-soname,libz.so.1,--version-script,zlib.map -march=nocona -mtune=haswell -ftree-vectorize -fPIC -fstack-protector-strong -fno-plt -O2 -ffunction-sections -pipe -isystem /home/tony/.application/Miniconda/envs/mypytorch/include -march=nocona -mtune=haswell -ftree-vectorize -fPIC -fstack-protector-strong -fno-plt -O2 -ffunction-sections -pipe -isystem /home/tony/.application/Miniconda/envs/mypytorch/include -fPIC -o ztest57540.so ztest57540.o
Building shared library libz.so.1.3.1 with /home/tony/.application/Miniconda/envs/mypytorch/bin/x86_64-conda-linux-gnu-cc.

=== ztest57540.c ===
#include <stdio.h>
#include <stdlib.h>
size_t dummy = 0;
===
/home/tony/.application/Miniconda/envs/mypytorch/bin/x86_64-conda-linux-gnu-cc -c -march=nocona -mtune=haswell -ftree-vectorize -fPIC -fstack-protector-strong -fno-plt -O2 -ffunction-sections -pipe -isystem /home/tony/.application/Miniconda/envs/mypytorch/include -march=nocona -mtune=haswell -ftree-vectorize -fPIC -fstack-protector-strong -fno-plt -O2 -ffunction-sections -pipe -isystem /home/tony/.application/Miniconda/envs/mypytorch/include ztest57540.c
Checking for size_t... Yes.

=== ztest57540.c ===
#include <sys/types.h>
off64_t dummy = 0;
===
/home/tony/.application/Miniconda/envs/mypytorch/bin/x86_64-conda-linux-gnu-cc -c -march=nocona -mtune=haswell -ftree-vectorize -fPIC -fstack-protector-strong -fno-plt -O2 -ffunction-sections -pipe -isystem /home/tony/.application/Miniconda/envs/mypytorch/include -march=nocona -mtune=haswell -ftree-vectorize -fPIC -fstack-protector-strong -fno-plt -O2 -ffunction-sections -pipe -isystem /home/tony/.application/Miniconda/envs/mypytorch/include -D_LARGEFILE64_SOURCE=1 ztest57540.c
Checking for off64_t... Yes.
Checking for fseeko... Yes.

=== ztest57540.c ===
#include <string.h>
#include <errno.h>
int main() { return strlen(strerror(errno)); }
===
/home/tony/.application/Miniconda/envs/mypytorch/bin/x86_64-conda-linux-gnu-cc -march=nocona -mtune=haswell -ftree-vectorize -fPIC -fstack-protector-strong -fno-plt -O2 -ffunction-sections -pipe -isystem /home/tony/.application/Miniconda/envs/mypytorch/include -march=nocona -mtune=haswell -ftree-vectorize -fPIC -fstack-protector-strong -fno-plt -O2 -ffunction-sections -pipe -isystem /home/tony/.application/Miniconda/envs/mypytorch/include -D_LARGEFILE64_SOURCE=1 -o ztest57540 ztest57540.c
Checking for strerror... Yes.

=== ztest57540.c ===
#include <unistd.h>
int main() { return 0; }
===
/home/tony/.application/Miniconda/envs/mypytorch/bin/x86_64-conda-linux-gnu-cc -c -march=nocona -mtune=haswell -ftree-vectorize -fPIC -fstack-protector-strong -fno-plt -O2 -ffunction-sections -pipe -isystem /home/tony/.application/Miniconda/envs/mypytorch/include -march=nocona -mtune=haswell -ftree-vectorize -fPIC -fstack-protector-strong -fno-plt -O2 -ffunction-sections -pipe -isystem /home/tony/.application/Miniconda/envs/mypytorch/include -D_LARGEFILE64_SOURCE=1 ztest57540.c
Checking for unistd.h... Yes.

=== ztest57540.c ===
#include <stdarg.h>
int main() { return 0; }
===
/home/tony/.application/Miniconda/envs/mypytorch/bin/x86_64-conda-linux-gnu-cc -c -march=nocona -mtune=haswell -ftree-vectorize -fPIC -fstack-protector-strong -fno-plt -O2 -ffunction-sections -pipe -isystem /home/tony/.application/Miniconda/envs/mypytorch/include -march=nocona -mtune=haswell -ftree-vectorize -fPIC -fstack-protector-strong -fno-plt -O2 -ffunction-sections -pipe -isystem /home/tony/.application/Miniconda/envs/mypytorch/include -D_LARGEFILE64_SOURCE=1 ztest57540.c
Checking for stdarg.h... Yes.

=== ztest57540.c ===
#include <stdio.h>
#include <stdarg.h>
#include "zconf.h"
int main()
{
#ifndef STDC
  choke me
#endif
  return 0;
}
===
/home/tony/.application/Miniconda/envs/mypytorch/bin/x86_64-conda-linux-gnu-cc -c -march=nocona -mtune=haswell -ftree-vectorize -fPIC -fstack-protector-strong -fno-plt -O2 -ffunction-sections -pipe -isystem /home/tony/.application/Miniconda/envs/mypytorch/include -march=nocona -mtune=haswell -ftree-vectorize -fPIC -fstack-protector-strong -fno-plt -O2 -ffunction-sections -pipe -isystem /home/tony/.application/Miniconda/envs/mypytorch/include -D_LARGEFILE64_SOURCE=1 ztest57540.c
Checking whether to use vs[n]printf() or s[n]printf()... using vs[n]printf().

=== ztest57540.c ===
#include <stdio.h>
#include <stdarg.h>
int mytest(const char *fmt, ...)
{
  char buf[20];
  va_list ap;
  va_start(ap, fmt);
  vsnprintf(buf, sizeof(buf), fmt, ap);
  va_end(ap);
  return 0;
}
int main()
{
  return (mytest("Hello%d\n", 1));
}
===
/home/tony/.application/Miniconda/envs/mypytorch/bin/x86_64-conda-linux-gnu-cc -march=nocona -mtune=haswell -ftree-vectorize -fPIC -fstack-protector-strong -fno-plt -O2 -ffunction-sections -pipe -isystem /home/tony/.application/Miniconda/envs/mypytorch/include -march=nocona -mtune=haswell -ftree-vectorize -fPIC -fstack-protector-strong -fno-plt -O2 -ffunction-sections -pipe -isystem /home/tony/.application/Miniconda/envs/mypytorch/include -D_LARGEFILE64_SOURCE=1 -o ztest57540 ztest57540.c
Checking for vsnprintf() in stdio.h... Yes.

=== ztest57540.c ===
#include <stdio.h>
#include <stdarg.h>
int mytest(const char *fmt, ...)
{
  int n;
  char buf[20];
  va_list ap;
  va_start(ap, fmt);
  n = vsnprintf(buf, sizeof(buf), fmt, ap);
  va_end(ap);
  return n;
}
int main()
{
  return (mytest("Hello%d\n", 1));
}
===
/home/tony/.application/Miniconda/envs/mypytorch/bin/x86_64-conda-linux-gnu-cc -c -march=nocona -mtune=haswell -ftree-vectorize -fPIC -fstack-protector-strong -fno-plt -O2 -ffunction-sections -pipe -isystem /home/tony/.application/Miniconda/envs/mypytorch/include -march=nocona -mtune=haswell -ftree-vectorize -fPIC -fstack-protector-strong -fno-plt -O2 -ffunction-sections -pipe -isystem /home/tony/.application/Miniconda/envs/mypytorch/include -D_LARGEFILE64_SOURCE=1 ztest57540.c
Checking for return value of vsnprintf()... Yes.

=== ztest57540.c ===
#define ZLIB_INTERNAL __attribute__((visibility ("hidden")))
int ZLIB_INTERNAL foo;
int main()
{
  return 0;
}
===
/home/tony/.application/Miniconda/envs/mypytorch/bin/x86_64-conda-linux-gnu-cc -c -march=nocona -mtune=haswell -ftree-vectorize -fPIC -fstack-protector-strong -fno-plt -O2 -ffunction-sections -pipe -isystem /home/tony/.application/Miniconda/envs/mypytorch/include -march=nocona -mtune=haswell -ftree-vectorize -fPIC -fstack-protector-strong -fno-plt -O2 -ffunction-sections -pipe -isystem /home/tony/.application/Miniconda/envs/mypytorch/include -D_LARGEFILE64_SOURCE=1 ztest57540.c
Checking for attribute(visibility) support... Yes.

ALL = static shared all64
AR = /home/tony/.application/Miniconda/envs/mypytorch/bin/x86_64-conda-linux-gnu-ar
ARFLAGS = rc
CC = /home/tony/.application/Miniconda/envs/mypytorch/bin/x86_64-conda-linux-gnu-cc
CFLAGS = -march=nocona -mtune=haswell -ftree-vectorize -fPIC -fstack-protector-strong -fno-plt -O2 -ffunction-sections -pipe -isystem /home/tony/.application/Miniconda/envs/mypytorch/include -march=nocona -mtune=haswell -ftree-vectorize -fPIC -fstack-protector-strong -fno-plt -O2 -ffunction-sections -pipe -isystem /home/tony/.application/Miniconda/envs/mypytorch/include -D_LARGEFILE64_SOURCE=1 -DHAVE_HIDDEN
CPP = /home/tony/.application/Miniconda/envs/mypytorch/bin/x86_64-conda-linux-gnu-cpp
EXE =
LDCONFIG = ldconfig
LDFLAGS = -Wl,-O2 -Wl,--sort-common -Wl,--as-needed -Wl,-z,relro -Wl,-z,now -Wl,--disable-new-dtags -Wl,--gc-sections -Wl,--allow-shlib-undefined -Wl,-rpath,/home/tony/.application/Miniconda/envs/mypytorch/lib -Wl,-rpath-link,/home/tony/.application/Miniconda/envs/mypytorch/lib -L/home/tony/.application/Miniconda/envs/mypytorch/lib -Wl,-O2 -Wl,--sort-common -Wl,--as-needed -Wl,-z,relro -Wl,-z,now -Wl,--disable-new-dtags -Wl,--gc-sections -Wl,--allow-shlib-undefined -Wl,-rpath,/home/tony/.application/Miniconda/envs/mypytorch/lib -Wl,-rpath-link,/home/tony/.application/Miniconda/envs/mypytorch/lib -L/home/tony/.application/Miniconda/envs/mypytorch/lib
LDSHARED = /home/tony/.application/Miniconda/envs/mypytorch/bin/x86_64-conda-linux-gnu-cc -shared -Wl,-soname,libz.so.1,--version-script,zlib.map
LDSHAREDLIBC = -lc
OBJC = $(OBJZ) $(OBJG)
PIC_OBJC = $(PIC_OBJZ) $(PIC_OBJG)
RANLIB = /home/tony/.application/Miniconda/envs/mypytorch/bin/x86_64-conda-linux-gnu-ranlib
SFLAGS = -march=nocona -mtune=haswell -ftree-vectorize -fPIC -fstack-protector-strong -fno-plt -O2 -ffunction-sections -pipe -isystem /home/tony/.application/Miniconda/envs/mypytorch/include -march=nocona -mtune=haswell -ftree-vectorize -fPIC -fstack-protector-strong -fno-plt -O2 -ffunction-sections -pipe -isystem /home/tony/.application/Miniconda/envs/mypytorch/include -fPIC -D_LARGEFILE64_SOURCE=1 -DHAVE_HIDDEN
SHAREDLIB = libz.so
SHAREDLIBM = libz.so.1
SHAREDLIBV = libz.so.1.3.1
STATICLIB = libz.a
TEST = all teststatic testshared test64
VER = 1.3.1
SRCDIR =
exec_prefix = ${prefix}
includedir = ${prefix}/include
libdir = ${exec_prefix}/lib
mandir = ${prefix}/share/man
prefix = /home/tony/Pratice/Python/Pytorch/MNIST/zlib-1.3.1/../lib
sharedlibdir = ${libdir}
uname = Linux
--------------------


